# JRE version: Java(TM) SE Runtime Environment (8.0_411) (build 1.8.0_411-b09)
# Java VM: Java HotSpot(TM) 64-Bit Server VM (25.411-b09 mixed mode windows-amd64 compressed oops)
Heap:
 PSYoungGen      total 115712K, used 51254K [0x000000076c580000, 0x0000000774300000, 0x00000007c0000000)
  eden space 107008K, 47% used [0x000000076c580000,0x000000076f78db80,0x0000000772e00000)
  from space 8704K, 0% used [0x0000000773a80000,0x0000000773a80000,0x0000000774300000)
  to   space 10752K, 0% used [0x0000000772e00000,0x0000000772e00000,0x0000000773880000)
 ParOldGen       total 120320K, used 9200K [0x00000006c5000000, 0x00000006cc580000, 0x000000076c580000)
  object space 120320K, 7% used [0x00000006c5000000,0x00000006c58fc178,0x00000006cc580000)
 Metaspace       used 40561K, capacity 42818K, committed 43008K, reserved 1087488K
  class space    used 5303K, capacity 5805K, committed 5888K, reserved 1048576K
GC Heap History (10 events):
Event: 10.120 GC heap before
{Heap before GC invocations=2 (full 0):
 PSYoungGen      total 75264K, used 13943K [0x000000076c580000, 0x0000000771980000, 0x00000007c0000000)
  eden space 64512K, 4% used [0x000000076c580000,0x000000076c8a2530,0x0000000770480000)
  from space 10752K, 99% used [0x0000000770480000,0x0000000770efb6d8,0x0000000770f00000)
  to   space 10752K, 0% used [0x0000000770f00000,0x0000000770f00000,0x0000000771980000)
 ParOldGen       total 172032K, used 3302K [0x00000006c5000000, 0x00000006cf800000, 0x000000076c580000)
  object space 172032K, 1% used [0x00000006c5000000,0x00000006c5339838,0x00000006cf800000)
 Metaspace       used 20253K, capacity 21150K, committed 21248K, reserved 1067008K
  class space    used 2554K, capacity 2794K, committed 2816K, reserved 1048576K
Event: 10.159 GC heap after
Heap after GC invocations=2 (full 0):
 PSYoungGen      total 75264K, used 4499K [0x000000076c580000, 0x0000000775880000, 0x00000007c0000000)
  eden space 64512K, 0% used [0x000000076c580000,0x000000076c580000,0x0000000770480000)
  from space 10752K, 41% used [0x0000000770f00000,0x0000000771364c48,0x0000000771980000)
  to   space 10752K, 0% used [0x0000000770480000,0x0000000770480000,0x0000000770f00000)
 ParOldGen       total 172032K, used 3310K [0x00000006c5000000, 0x00000006cf800000, 0x000000076c580000)
  object space 172032K, 1% used [0x00000006c5000000,0x00000006c533b838,0x00000006cf800000)
 Metaspace       used 20253K, capacity 21150K, committed 21248K, reserved 1067008K
  class space    used 2554K, capacity 2794K, committed 2816K, reserved 1048576K
}
Event: 10.160 GC heap before
{Heap before GC invocations=3 (full 1):
 PSYoungGen      total 75264K, used 4499K [0x000000076c580000, 0x0000000775880000, 0x00000007c0000000)
  eden space 64512K, 0% used [0x000000076c580000,0x000000076c580000,0x0000000770480000)
  from space 10752K, 41% used [0x0000000770f00000,0x0000000771364c48,0x0000000771980000)
  to   space 10752K, 0% used [0x0000000770480000,0x0000000770480000,0x0000000770f00000)
 ParOldGen       total 172032K, used 3310K [0x00000006c5000000, 0x00000006cf800000, 0x000000076c580000)
  object space 172032K, 1% used [0x00000006c5000000,0x00000006c533b838,0x00000006cf800000)
 Metaspace       used 20253K, capacity 21150K, committed 21248K, reserved 1067008K
  class space    used 2554K, capacity 2794K, committed 2816K, reserved 1048576K
Event: 10.368 GC heap after
Heap after GC invocations=3 (full 1):
 PSYoungGen      total 75264K, used 0K [0x000000076c580000, 0x0000000775880000, 0x00000007c0000000)
  eden space 64512K, 0% used [0x000000076c580000,0x000000076c580000,0x0000000770480000)
  from space 10752K, 0% used [0x0000000770f00000,0x0000000770f00000,0x0000000771980000)
  to   space 10752K, 0% used [0x0000000770480000,0x0000000770480000,0x0000000770f00000)
 ParOldGen       total 90112K, used 4854K [0x00000006c5000000, 0x00000006ca800000, 0x000000076c580000)
  object space 90112K, 5% used [0x00000006c5000000,0x00000006c54bd9a8,0x00000006ca800000)
 Metaspace       used 20253K, capacity 21150K, committed 21248K, reserved 1067008K
  class space    used 2554K, capacity 2794K, committed 2816K, reserved 1048576K
}
Event: 14.394 GC heap before
{Heap before GC invocations=4 (full 1):
 PSYoungGen      total 75264K, used 64512K [0x000000076c580000, 0x0000000775880000, 0x00000007c0000000)
  eden space 64512K, 100% used [0x000000076c580000,0x0000000770480000,0x0000000770480000)
  from space 10752K, 0% used [0x0000000770f00000,0x0000000770f00000,0x0000000771980000)
  to   space 10752K, 0% used [0x0000000770480000,0x0000000770480000,0x0000000770f00000)
 ParOldGen       total 90112K, used 4854K [0x00000006c5000000, 0x00000006ca800000, 0x000000076c580000)
  object space 90112K, 5% used [0x00000006c5000000,0x00000006c54bd9a8,0x00000006ca800000)
 Metaspace       used 31996K, capacity 33382K, committed 33536K, reserved 1079296K
  class space    used 3962K, capacity 4281K, committed 4352K, reserved 1048576K
Event: 14.429 GC heap after
Heap after GC invocations=4 (full 1):
 PSYoungGen      total 75264K, used 10746K [0x000000076c580000, 0x0000000774500000, 0x00000007c0000000)
  eden space 64512K, 0% used [0x000000076c580000,0x000000076c580000,0x0000000770480000)
  from space 10752K, 99% used [0x0000000770480000,0x0000000770efe9f8,0x0000000770f00000)
  to   space 10752K, 0% used [0x0000000773a80000,0x0000000773a80000,0x0000000774500000)
 ParOldGen       total 90112K, used 7483K [0x00000006c5000000, 0x00000006ca800000, 0x000000076c580000)
  object space 90112K, 8% used [0x00000006c5000000,0x00000006c574efb8,0x00000006ca800000)
 Metaspace       used 31996K, capacity 33382K, committed 33536K, reserved 1079296K
  class space    used 3962K, capacity 4281K, committed 4352K, reserved 1048576K
}
Event: 15.512 GC heap before
{Heap before GC invocations=5 (full 1):
 PSYoungGen      total 75264K, used 26592K [0x000000076c580000, 0x0000000774500000, 0x00000007c0000000)
  eden space 64512K, 24% used [0x000000076c580000,0x000000076d4f9850,0x0000000770480000)
  from space 10752K, 99% used [0x0000000770480000,0x0000000770efe9f8,0x0000000770f00000)
  to   space 10752K, 0% used [0x0000000773a80000,0x0000000773a80000,0x0000000774500000)
 ParOldGen       total 90112K, used 7483K [0x00000006c5000000, 0x00000006ca800000, 0x000000076c580000)
  object space 90112K, 8% used [0x00000006c5000000,0x00000006c574efb8,0x00000006ca800000)
 Metaspace       used 33847K, capacity 35322K, committed 35416K, reserved 1081344K
  class space    used 4239K, capacity 4575K, committed 4608K, reserved 1048576K
Event: 15.535 GC heap after
Heap after GC invocations=5 (full 1):
 PSYoungGen      total 115712K, used 5064K [0x000000076c580000, 0x0000000774300000, 0x00000007c0000000)
  eden space 107008K, 0% used [0x000000076c580000,0x000000076c580000,0x0000000772e00000)
  from space 8704K, 58% used [0x0000000773a80000,0x0000000773f72248,0x0000000774300000)
  to   space 10752K, 0% used [0x0000000772e00000,0x0000000772e00000,0x0000000773880000)
 ParOldGen       total 90112K, used 7491K [0x00000006c5000000, 0x00000006ca800000, 0x000000076c580000)
  object space 90112K, 8% used [0x00000006c5000000,0x00000006c5750fb8,0x00000006ca800000)
 Metaspace       used 33847K, capacity 35322K, committed 35416K, reserved 1081344K
  class space    used 4239K, capacity 4575K, committed 4608K, reserved 1048576K
}
Event: 15.535 GC heap before
{Heap before GC invocations=6 (full 2):
 PSYoungGen      total 115712K, used 5064K [0x000000076c580000, 0x0000000774300000, 0x00000007c0000000)
  eden space 107008K, 0% used [0x000000076c580000,0x000000076c580000,0x0000000772e00000)
  from space 8704K, 58% used [0x0000000773a80000,0x0000000773f72248,0x0000000774300000)
  to   space 10752K, 0% used [0x0000000772e00000,0x0000000772e00000,0x0000000773880000)
 ParOldGen       total 90112K, used 7491K [0x00000006c5000000, 0x00000006ca800000, 0x000000076c580000)
  object space 90112K, 8% used [0x00000006c5000000,0x00000006c5750fb8,0x00000006ca800000)
 Metaspace       used 33847K, capacity 35322K, committed 35416K, reserved 1081344K
  class space    used 4239K, capacity 4575K, committed 4608K, reserved 1048576K
Event: 15.613 GC heap after
Heap after GC invocations=6 (full 2):
 PSYoungGen      total 115712K, used 0K [0x000000076c580000, 0x0000000774300000, 0x00000007c0000000)
  eden space 107008K, 0% used [0x000000076c580000,0x000000076c580000,0x0000000772e00000)
  from space 8704K, 0% used [0x0000000773a80000,0x0000000773a80000,0x0000000774300000)
  to   space 10752K, 0% used [0x0000000772e00000,0x0000000772e00000,0x0000000773880000)
 ParOldGen       total 120320K, used 9200K [0x00000006c5000000, 0x00000006cc580000, 0x000000076c580000)
  object space 120320K, 7% used [0x00000006c5000000,0x00000006c58fc178,0x00000006cc580000)
 Metaspace       used 33847K, capacity 35322K, committed 35416K, reserved 1081344K
  class space    used 4239K, capacity 4575K, committed 4608K, reserved 1048576K
}

