# JRE version: Java(TM) SE Runtime Environment (8.0_411) (build 1.8.0_411-b09)
# Java VM: Java HotSpot(TM) 64-Bit Server VM (25.411-b09 mixed mode windows-amd64 compressed oops)
Heap:
 PSYoungGen      total 320000K, used 281702K [0x000000076c580000, 0x0000000783980000, 0x00000007c0000000)
  eden space 275456K, 90% used [0x000000076c580000,0x000000077b88b438,0x000000077d280000)
  from space 44544K, 73% used [0x0000000780e00000,0x0000000782e0e4b8,0x0000000783980000)
  to   space 52736K, 0% used [0x000000077d280000,0x000000077d280000,0x0000000780600000)
 ParOldGen       total 237056K, used 44846K [0x00000006c5000000, 0x00000006d3780000, 0x000000076c580000)
  object space 237056K, 18% used [0x00000006c5000000,0x00000006c7bcb918,0x00000006d3780000)
 Metaspace       used 99562K, capacity 106481K, committed 106624K, reserved 1140736K
  class space    used 14113K, capacity 15393K, committed 15488K, reserved 1048576K
GC Heap History (10 events):
Event: 313.584 GC heap before
{Heap before GC invocations=18 (full 4):
 PSYoungGen      total 360448K, used 356631K [0x000000076c580000, 0x0000000787700000, 0x00000007c0000000)
  eden space 320000K, 100% used [0x000000076c580000,0x000000077fe00000,0x000000077fe00000)
  from space 40448K, 90% used [0x000000077fe00000,0x00000007821c5c78,0x0000000782580000)
  to   space 45056K, 0% used [0x0000000784b00000,0x0000000784b00000,0x0000000787700000)
 ParOldGen       total 237056K, used 39163K [0x00000006c5000000, 0x00000006d3780000, 0x000000076c580000)
  object space 237056K, 16% used [0x00000006c5000000,0x00000006c763ef10,0x00000006d3780000)
 Metaspace       used 98860K, capacity 105891K, committed 106112K, reserved 1140736K
  class space    used 14108K, capacity 15392K, committed 15488K, reserved 1048576K
Event: 313.630 GC heap after
Heap after GC invocations=18 (full 4):
 PSYoungGen      total 347136K, used 36407K [0x000000076c580000, 0x0000000786f00000, 0x00000007c0000000)
  eden space 310272K, 0% used [0x000000076c580000,0x000000076c580000,0x000000077f480000)
  from space 36864K, 98% used [0x0000000784b00000,0x0000000786e8dc78,0x0000000786f00000)
  to   space 48640K, 0% used [0x0000000781000000,0x0000000781000000,0x0000000783f80000)
 ParOldGen       total 237056K, used 39171K [0x00000006c5000000, 0x00000006d3780000, 0x000000076c580000)
  object space 237056K, 16% used [0x00000006c5000000,0x00000006c7640f10,0x00000006d3780000)
 Metaspace       used 98860K, capacity 105891K, committed 106112K, reserved 1140736K
  class space    used 14108K, capacity 15392K, committed 15488K, reserved 1048576K
}
Event: 376.564 GC heap before
{Heap before GC invocations=19 (full 4):
 PSYoungGen      total 347136K, used 346679K [0x000000076c580000, 0x0000000786f00000, 0x00000007c0000000)
  eden space 310272K, 100% used [0x000000076c580000,0x000000077f480000,0x000000077f480000)
  from space 36864K, 98% used [0x0000000784b00000,0x0000000786e8dc78,0x0000000786f00000)
  to   space 48640K, 0% used [0x0000000781000000,0x0000000781000000,0x0000000783f80000)
 ParOldGen       total 237056K, used 39171K [0x00000006c5000000, 0x00000006d3780000, 0x000000076c580000)
  object space 237056K, 16% used [0x00000006c5000000,0x00000006c7640f10,0x00000006d3780000)
 Metaspace       used 98876K, capacity 105891K, committed 106112K, reserved 1140736K
  class space    used 14111K, capacity 15392K, committed 15488K, reserved 1048576K
Event: 376.740 GC heap after
Heap after GC invocations=19 (full 4):
 PSYoungGen      total 335872K, used 34680K [0x000000076c580000, 0x0000000784d80000, 0x00000007c0000000)
  eden space 301056K, 0% used [0x000000076c580000,0x000000076c580000,0x000000077eb80000)
  from space 34816K, 99% used [0x0000000781000000,0x00000007831de090,0x0000000783200000)
  to   space 28160K, 0% used [0x0000000783200000,0x0000000783200000,0x0000000784d80000)
 ParOldGen       total 237056K, used 39179K [0x00000006c5000000, 0x00000006d3780000, 0x000000076c580000)
  object space 237056K, 16% used [0x00000006c5000000,0x00000006c7642f10,0x00000006d3780000)
 Metaspace       used 98876K, capacity 105891K, committed 106112K, reserved 1140736K
  class space    used 14111K, capacity 15392K, committed 15488K, reserved 1048576K
}
Event: 434.168 GC heap before
{Heap before GC invocations=20 (full 4):
 PSYoungGen      total 335872K, used 335736K [0x000000076c580000, 0x0000000784d80000, 0x00000007c0000000)
  eden space 301056K, 100% used [0x000000076c580000,0x000000077eb80000,0x000000077eb80000)
  from space 34816K, 99% used [0x0000000781000000,0x00000007831de090,0x0000000783200000)
  to   space 28160K, 0% used [0x0000000783200000,0x0000000783200000,0x0000000784d80000)
 ParOldGen       total 237056K, used 39179K [0x00000006c5000000, 0x00000006d3780000, 0x000000076c580000)
  object space 237056K, 16% used [0x00000006c5000000,0x00000006c7642f10,0x00000006d3780000)
 Metaspace       used 99511K, capacity 106475K, committed 106624K, reserved 1140736K
  class space    used 14111K, capacity 15392K, committed 15488K, reserved 1048576K
Event: 434.205 GC heap after
Heap after GC invocations=20 (full 4):
 PSYoungGen      total 320512K, used 28144K [0x000000076c580000, 0x0000000784d80000, 0x00000007c0000000)
  eden space 292352K, 0% used [0x000000076c580000,0x000000076c580000,0x000000077e300000)
  from space 28160K, 99% used [0x0000000783200000,0x0000000784d7c0b0,0x0000000784d80000)
  to   space 51712K, 0% used [0x000000077e880000,0x000000077e880000,0x0000000781b00000)
 ParOldGen       total 237056K, used 44830K [0x00000006c5000000, 0x00000006d3780000, 0x000000076c580000)
  object space 237056K, 18% used [0x00000006c5000000,0x00000006c7bc7918,0x00000006d3780000)
 Metaspace       used 99511K, capacity 106475K, committed 106624K, reserved 1140736K
  class space    used 14111K, capacity 15392K, committed 15488K, reserved 1048576K
}
Event: 498.105 GC heap before
{Heap before GC invocations=21 (full 4):
 PSYoungGen      total 320512K, used 320496K [0x000000076c580000, 0x0000000784d80000, 0x00000007c0000000)
  eden space 292352K, 100% used [0x000000076c580000,0x000000077e300000,0x000000077e300000)
  from space 28160K, 99% used [0x0000000783200000,0x0000000784d7c0b0,0x0000000784d80000)
  to   space 51712K, 0% used [0x000000077e880000,0x000000077e880000,0x0000000781b00000)
 ParOldGen       total 237056K, used 44830K [0x00000006c5000000, 0x00000006d3780000, 0x000000076c580000)
  object space 237056K, 18% used [0x00000006c5000000,0x00000006c7bc7918,0x00000006d3780000)
 Metaspace       used 99517K, capacity 106475K, committed 106624K, reserved 1140736K
  class space    used 14112K, capacity 15392K, committed 15488K, reserved 1048576K
Event: 498.326 GC heap after
Heap after GC invocations=21 (full 4):
 PSYoungGen      total 319488K, used 35365K [0x000000076c580000, 0x0000000784180000, 0x00000007c0000000)
  eden space 283648K, 0% used [0x000000076c580000,0x000000076c580000,0x000000077da80000)
  from space 35840K, 98% used [0x000000077e880000,0x0000000780b09798,0x0000000780b80000)
  to   space 52736K, 0% used [0x0000000780e00000,0x0000000780e00000,0x0000000784180000)
 ParOldGen       total 237056K, used 44838K [0x00000006c5000000, 0x00000006d3780000, 0x000000076c580000)
  object space 237056K, 18% used [0x00000006c5000000,0x00000006c7bc9918,0x00000006d3780000)
 Metaspace       used 99517K, capacity 106475K, committed 106624K, reserved 1140736K
  class space    used 14112K, capacity 15392K, committed 15488K, reserved 1048576K
}
Event: 558.908 GC heap before
{Heap before GC invocations=22 (full 4):
 PSYoungGen      total 319488K, used 319013K [0x000000076c580000, 0x0000000784180000, 0x00000007c0000000)
  eden space 283648K, 100% used [0x000000076c580000,0x000000077da80000,0x000000077da80000)
  from space 35840K, 98% used [0x000000077e880000,0x0000000780b09798,0x0000000780b80000)
  to   space 52736K, 0% used [0x0000000780e00000,0x0000000780e00000,0x0000000784180000)
 ParOldGen       total 237056K, used 44838K [0x00000006c5000000, 0x00000006d3780000, 0x000000076c580000)
  object space 237056K, 18% used [0x00000006c5000000,0x00000006c7bc9918,0x00000006d3780000)
 Metaspace       used 99534K, capacity 106475K, committed 106624K, reserved 1140736K
  class space    used 14112K, capacity 15392K, committed 15488K, reserved 1048576K
Event: 558.944 GC heap after
Heap after GC invocations=22 (full 4):
 PSYoungGen      total 320000K, used 32825K [0x000000076c580000, 0x0000000783980000, 0x00000007c0000000)
  eden space 275456K, 0% used [0x000000076c580000,0x000000076c580000,0x000000077d280000)
  from space 44544K, 73% used [0x0000000780e00000,0x0000000782e0e4b8,0x0000000783980000)
  to   space 52736K, 0% used [0x000000077d280000,0x000000077d280000,0x0000000780600000)
 ParOldGen       total 237056K, used 44846K [0x00000006c5000000, 0x00000006d3780000, 0x000000076c580000)
  object space 237056K, 18% used [0x00000006c5000000,0x00000006c7bcb918,0x00000006d3780000)
 Metaspace       used 99534K, capacity 106475K, committed 106624K, reserved 1140736K
  class space    used 14112K, capacity 15392K, committed 15488K, reserved 1048576K
}

