# JRE version: Java(TM) SE Runtime Environment (8.0_411) (build 1.8.0_411-b09)
# Java VM: Java HotSpot(TM) 64-Bit Server VM (25.411-b09 mixed mode windows-amd64 compressed oops)
Heap:
 PSYoungGen      total 129536K, used 62766K [0x000000076c580000, 0x0000000774f80000, 0x00000007c0000000)
  eden space 119808K, 52% used [0x000000076c580000,0x00000007702cb9c8,0x0000000773a80000)
  from space 9728K, 0% used [0x0000000774600000,0x0000000774600000,0x0000000774f80000)
  to   space 10752K, 0% used [0x0000000773a80000,0x0000000773a80000,0x0000000774500000)
 ParOldGen       total 106496K, used 9072K [0x00000006c5000000, 0x00000006cb800000, 0x000000076c580000)
  object space 106496K, 8% used [0x00000006c5000000,0x00000006c58dc350,0x00000006cb800000)
 Metaspace       used 42398K, capacity 44713K, committed 45056K, reserved 1087488K
  class space    used 5522K, capacity 6060K, committed 6144K, reserved 1048576K
GC Heap History (10 events):
Event: 9.227 GC heap before
{Heap before GC invocations=2 (full 0):
 PSYoungGen      total 75264K, used 15221K [0x000000076c580000, 0x0000000771980000, 0x00000007c0000000)
  eden space 64512K, 6% used [0x000000076c580000,0x000000076c9e29b8,0x0000000770480000)
  from space 10752K, 99% used [0x0000000770480000,0x0000000770efac80,0x0000000770f00000)
  to   space 10752K, 0% used [0x0000000770f00000,0x0000000770f00000,0x0000000771980000)
 ParOldGen       total 172032K, used 3346K [0x00000006c5000000, 0x00000006cf800000, 0x000000076c580000)
  object space 172032K, 1% used [0x00000006c5000000,0x00000006c5344820,0x00000006cf800000)
 Metaspace       used 20307K, capacity 21178K, committed 21248K, reserved 1067008K
  class space    used 2577K, capacity 2802K, committed 2816K, reserved 1048576K
Event: 9.239 GC heap after
Heap after GC invocations=2 (full 0):
 PSYoungGen      total 75264K, used 4659K [0x000000076c580000, 0x0000000775880000, 0x00000007c0000000)
  eden space 64512K, 0% used [0x000000076c580000,0x000000076c580000,0x0000000770480000)
  from space 10752K, 43% used [0x0000000770f00000,0x000000077138cd58,0x0000000771980000)
  to   space 10752K, 0% used [0x0000000770480000,0x0000000770480000,0x0000000770f00000)
 ParOldGen       total 172032K, used 3354K [0x00000006c5000000, 0x00000006cf800000, 0x000000076c580000)
  object space 172032K, 1% used [0x00000006c5000000,0x00000006c5346820,0x00000006cf800000)
 Metaspace       used 20307K, capacity 21178K, committed 21248K, reserved 1067008K
  class space    used 2577K, capacity 2802K, committed 2816K, reserved 1048576K
}
Event: 9.239 GC heap before
{Heap before GC invocations=3 (full 1):
 PSYoungGen      total 75264K, used 4659K [0x000000076c580000, 0x0000000775880000, 0x00000007c0000000)
  eden space 64512K, 0% used [0x000000076c580000,0x000000076c580000,0x0000000770480000)
  from space 10752K, 43% used [0x0000000770f00000,0x000000077138cd58,0x0000000771980000)
  to   space 10752K, 0% used [0x0000000770480000,0x0000000770480000,0x0000000770f00000)
 ParOldGen       total 172032K, used 3354K [0x00000006c5000000, 0x00000006cf800000, 0x000000076c580000)
  object space 172032K, 1% used [0x00000006c5000000,0x00000006c5346820,0x00000006cf800000)
 Metaspace       used 20307K, capacity 21178K, committed 21248K, reserved 1067008K
  class space    used 2577K, capacity 2802K, committed 2816K, reserved 1048576K
Event: 9.289 GC heap after
Heap after GC invocations=3 (full 1):
 PSYoungGen      total 75264K, used 0K [0x000000076c580000, 0x0000000775880000, 0x00000007c0000000)
  eden space 64512K, 0% used [0x000000076c580000,0x000000076c580000,0x0000000770480000)
  from space 10752K, 0% used [0x0000000770f00000,0x0000000770f00000,0x0000000771980000)
  to   space 10752K, 0% used [0x0000000770480000,0x0000000770480000,0x0000000770f00000)
 ParOldGen       total 80384K, used 4924K [0x00000006c5000000, 0x00000006c9e80000, 0x000000076c580000)
  object space 80384K, 6% used [0x00000006c5000000,0x00000006c54cf2b8,0x00000006c9e80000)
 Metaspace       used 20307K, capacity 21178K, committed 21248K, reserved 1067008K
  class space    used 2577K, capacity 2802K, committed 2816K, reserved 1048576K
}
Event: 13.864 GC heap before
{Heap before GC invocations=4 (full 1):
 PSYoungGen      total 75264K, used 64512K [0x000000076c580000, 0x0000000775880000, 0x00000007c0000000)
  eden space 64512K, 100% used [0x000000076c580000,0x0000000770480000,0x0000000770480000)
  from space 10752K, 0% used [0x0000000770f00000,0x0000000770f00000,0x0000000771980000)
  to   space 10752K, 0% used [0x0000000770480000,0x0000000770480000,0x0000000770f00000)
 ParOldGen       total 80384K, used 4924K [0x00000006c5000000, 0x00000006c9e80000, 0x000000076c580000)
  object space 80384K, 6% used [0x00000006c5000000,0x00000006c54cf2b8,0x00000006c9e80000)
 Metaspace       used 32034K, capacity 33432K, committed 33536K, reserved 1079296K
  class space    used 3960K, capacity 4276K, committed 4352K, reserved 1048576K
Event: 13.902 GC heap after
Heap after GC invocations=4 (full 1):
 PSYoungGen      total 75264K, used 10728K [0x000000076c580000, 0x0000000775080000, 0x00000007c0000000)
  eden space 64512K, 0% used [0x000000076c580000,0x000000076c580000,0x0000000770480000)
  from space 10752K, 99% used [0x0000000770480000,0x0000000770efa290,0x0000000770f00000)
  to   space 10752K, 0% used [0x0000000774600000,0x0000000774600000,0x0000000775080000)
 ParOldGen       total 80384K, used 7540K [0x00000006c5000000, 0x00000006c9e80000, 0x000000076c580000)
  object space 80384K, 9% used [0x00000006c5000000,0x00000006c575d268,0x00000006c9e80000)
 Metaspace       used 32034K, capacity 33432K, committed 33536K, reserved 1079296K
  class space    used 3960K, capacity 4276K, committed 4352K, reserved 1048576K
}
Event: 14.669 GC heap before
{Heap before GC invocations=5 (full 1):
 PSYoungGen      total 75264K, used 25284K [0x000000076c580000, 0x0000000775080000, 0x00000007c0000000)
  eden space 64512K, 22% used [0x000000076c580000,0x000000076d3b6e38,0x0000000770480000)
  from space 10752K, 99% used [0x0000000770480000,0x0000000770efa290,0x0000000770f00000)
  to   space 10752K, 0% used [0x0000000774600000,0x0000000774600000,0x0000000775080000)
 ParOldGen       total 80384K, used 7540K [0x00000006c5000000, 0x00000006c9e80000, 0x000000076c580000)
  object space 80384K, 9% used [0x00000006c5000000,0x00000006c575d268,0x00000006c9e80000)
 Metaspace       used 33832K, capacity 35381K, committed 35416K, reserved 1081344K
  class space    used 4247K, capacity 4573K, committed 4608K, reserved 1048576K
Event: 14.687 GC heap after
Heap after GC invocations=5 (full 1):
 PSYoungGen      total 129536K, used 4920K [0x000000076c580000, 0x0000000774f80000, 0x00000007c0000000)
  eden space 119808K, 0% used [0x000000076c580000,0x000000076c580000,0x0000000773a80000)
  from space 9728K, 50% used [0x0000000774600000,0x0000000774ace178,0x0000000774f80000)
  to   space 10752K, 0% used [0x0000000773a80000,0x0000000773a80000,0x0000000774500000)
 ParOldGen       total 80384K, used 7548K [0x00000006c5000000, 0x00000006c9e80000, 0x000000076c580000)
  object space 80384K, 9% used [0x00000006c5000000,0x00000006c575f268,0x00000006c9e80000)
 Metaspace       used 33832K, capacity 35381K, committed 35416K, reserved 1081344K
  class space    used 4247K, capacity 4573K, committed 4608K, reserved 1048576K
}
Event: 14.688 GC heap before
{Heap before GC invocations=6 (full 2):
 PSYoungGen      total 129536K, used 4920K [0x000000076c580000, 0x0000000774f80000, 0x00000007c0000000)
  eden space 119808K, 0% used [0x000000076c580000,0x000000076c580000,0x0000000773a80000)
  from space 9728K, 50% used [0x0000000774600000,0x0000000774ace178,0x0000000774f80000)
  to   space 10752K, 0% used [0x0000000773a80000,0x0000000773a80000,0x0000000774500000)
 ParOldGen       total 80384K, used 7548K [0x00000006c5000000, 0x00000006c9e80000, 0x000000076c580000)
  object space 80384K, 9% used [0x00000006c5000000,0x00000006c575f268,0x00000006c9e80000)
 Metaspace       used 33832K, capacity 35381K, committed 35416K, reserved 1081344K
  class space    used 4247K, capacity 4573K, committed 4608K, reserved 1048576K
Event: 14.804 GC heap after
Heap after GC invocations=6 (full 2):
 PSYoungGen      total 129536K, used 0K [0x000000076c580000, 0x0000000774f80000, 0x00000007c0000000)
  eden space 119808K, 0% used [0x000000076c580000,0x000000076c580000,0x0000000773a80000)
  from space 9728K, 0% used [0x0000000774600000,0x0000000774600000,0x0000000774f80000)
  to   space 10752K, 0% used [0x0000000773a80000,0x0000000773a80000,0x0000000774500000)
 ParOldGen       total 106496K, used 9072K [0x00000006c5000000, 0x00000006cb800000, 0x000000076c580000)
  object space 106496K, 8% used [0x00000006c5000000,0x00000006c58dc350,0x00000006cb800000)
 Metaspace       used 33832K, capacity 35381K, committed 35416K, reserved 1081344K
  class space    used 4247K, capacity 4573K, committed 4608K, reserved 1048576K
}

