# JRE version: Java(TM) SE Runtime Environment (8.0_411) (build 1.8.0_411-b09)
# Java VM: Java HotSpot(TM) 64-Bit Server VM (25.411-b09 mixed mode windows-amd64 compressed oops)
Heap:
 PSYoungGen      total 123392K, used 59193K [0x000000076c580000, 0x0000000774a00000, 0x00000007c0000000)
  eden space 114176K, 51% used [0x000000076c580000,0x000000076ff4e638,0x0000000773500000)
  from space 9216K, 0% used [0x0000000774100000,0x0000000774100000,0x0000000774a00000)
  to   space 10752K, 0% used [0x0000000773500000,0x0000000773500000,0x0000000773f80000)
 ParOldGen       total 106496K, used 9145K [0x00000006c5000000, 0x00000006cb800000, 0x000000076c580000)
  object space 106496K, 8% used [0x00000006c5000000,0x00000006c58ee7f0,0x00000006cb800000)
 Metaspace       used 42041K, capacity 44456K, committed 44672K, reserved 1087488K
  class space    used 5469K, capacity 6009K, committed 6016K, reserved 1048576K
GC Heap History (10 events):
Event: 9.558 GC heap before
{Heap before GC invocations=2 (full 0):
 PSYoungGen      total 75264K, used 15220K [0x000000076c580000, 0x0000000771980000, 0x00000007c0000000)
  eden space 64512K, 6% used [0x000000076c580000,0x000000076c9e0768,0x0000000770480000)
  from space 10752K, 99% used [0x0000000770480000,0x0000000770efc8b0,0x0000000770f00000)
  to   space 10752K, 0% used [0x0000000770f00000,0x0000000770f00000,0x0000000771980000)
 ParOldGen       total 172032K, used 3281K [0x00000006c5000000, 0x00000006cf800000, 0x000000076c580000)
  object space 172032K, 1% used [0x00000006c5000000,0x00000006c53346f0,0x00000006cf800000)
 Metaspace       used 20299K, capacity 21174K, committed 21248K, reserved 1067008K
  class space    used 2571K, capacity 2802K, committed 2816K, reserved 1048576K
Event: 9.613 GC heap after
Heap after GC invocations=2 (full 0):
 PSYoungGen      total 75264K, used 4611K [0x000000076c580000, 0x0000000775880000, 0x00000007c0000000)
  eden space 64512K, 0% used [0x000000076c580000,0x000000076c580000,0x0000000770480000)
  from space 10752K, 42% used [0x0000000770f00000,0x0000000771380d48,0x0000000771980000)
  to   space 10752K, 0% used [0x0000000770480000,0x0000000770480000,0x0000000770f00000)
 ParOldGen       total 172032K, used 3289K [0x00000006c5000000, 0x00000006cf800000, 0x000000076c580000)
  object space 172032K, 1% used [0x00000006c5000000,0x00000006c53366f0,0x00000006cf800000)
 Metaspace       used 20299K, capacity 21174K, committed 21248K, reserved 1067008K
  class space    used 2571K, capacity 2802K, committed 2816K, reserved 1048576K
}
Event: 9.613 GC heap before
{Heap before GC invocations=3 (full 1):
 PSYoungGen      total 75264K, used 4611K [0x000000076c580000, 0x0000000775880000, 0x00000007c0000000)
  eden space 64512K, 0% used [0x000000076c580000,0x000000076c580000,0x0000000770480000)
  from space 10752K, 42% used [0x0000000770f00000,0x0000000771380d48,0x0000000771980000)
  to   space 10752K, 0% used [0x0000000770480000,0x0000000770480000,0x0000000770f00000)
 ParOldGen       total 172032K, used 3289K [0x00000006c5000000, 0x00000006cf800000, 0x000000076c580000)
  object space 172032K, 1% used [0x00000006c5000000,0x00000006c53366f0,0x00000006cf800000)
 Metaspace       used 20299K, capacity 21174K, committed 21248K, reserved 1067008K
  class space    used 2571K, capacity 2802K, committed 2816K, reserved 1048576K
Event: 9.733 GC heap after
Heap after GC invocations=3 (full 1):
 PSYoungGen      total 75264K, used 0K [0x000000076c580000, 0x0000000775880000, 0x00000007c0000000)
  eden space 64512K, 0% used [0x000000076c580000,0x000000076c580000,0x0000000770480000)
  from space 10752K, 0% used [0x0000000770f00000,0x0000000770f00000,0x0000000771980000)
  to   space 10752K, 0% used [0x0000000770480000,0x0000000770480000,0x0000000770f00000)
 ParOldGen       total 83968K, used 4996K [0x00000006c5000000, 0x00000006ca200000, 0x000000076c580000)
  object space 83968K, 5% used [0x00000006c5000000,0x00000006c54e1320,0x00000006ca200000)
 Metaspace       used 20299K, capacity 21174K, committed 21248K, reserved 1067008K
  class space    used 2571K, capacity 2802K, committed 2816K, reserved 1048576K
}
Event: 14.176 GC heap before
{Heap before GC invocations=4 (full 1):
 PSYoungGen      total 75264K, used 64512K [0x000000076c580000, 0x0000000775880000, 0x00000007c0000000)
  eden space 64512K, 100% used [0x000000076c580000,0x0000000770480000,0x0000000770480000)
  from space 10752K, 0% used [0x0000000770f00000,0x0000000770f00000,0x0000000771980000)
  to   space 10752K, 0% used [0x0000000770480000,0x0000000770480000,0x0000000770f00000)
 ParOldGen       total 83968K, used 4996K [0x00000006c5000000, 0x00000006ca200000, 0x000000076c580000)
  object space 83968K, 5% used [0x00000006c5000000,0x00000006c54e1320,0x00000006ca200000)
 Metaspace       used 32020K, capacity 33432K, committed 33536K, reserved 1079296K
  class space    used 3958K, capacity 4276K, committed 4352K, reserved 1048576K
Event: 14.193 GC heap after
Heap after GC invocations=4 (full 1):
 PSYoungGen      total 75264K, used 10735K [0x000000076c580000, 0x0000000774b80000, 0x00000007c0000000)
  eden space 64512K, 0% used [0x000000076c580000,0x000000076c580000,0x0000000770480000)
  from space 10752K, 99% used [0x0000000770480000,0x0000000770efbf98,0x0000000770f00000)
  to   space 10752K, 0% used [0x0000000774100000,0x0000000774100000,0x0000000774b80000)
 ParOldGen       total 83968K, used 7703K [0x00000006c5000000, 0x00000006ca200000, 0x000000076c580000)
  object space 83968K, 9% used [0x00000006c5000000,0x00000006c5785d40,0x00000006ca200000)
 Metaspace       used 32020K, capacity 33432K, committed 33536K, reserved 1079296K
  class space    used 3958K, capacity 4276K, committed 4352K, reserved 1048576K
}
Event: 15.081 GC heap before
{Heap before GC invocations=5 (full 1):
 PSYoungGen      total 75264K, used 26436K [0x000000076c580000, 0x0000000774b80000, 0x00000007c0000000)
  eden space 64512K, 24% used [0x000000076c580000,0x000000076d4d53d8,0x0000000770480000)
  from space 10752K, 99% used [0x0000000770480000,0x0000000770efbf98,0x0000000770f00000)
  to   space 10752K, 0% used [0x0000000774100000,0x0000000774100000,0x0000000774b80000)
 ParOldGen       total 83968K, used 7703K [0x00000006c5000000, 0x00000006ca200000, 0x000000076c580000)
  object space 83968K, 9% used [0x00000006c5000000,0x00000006c5785d40,0x00000006ca200000)
 Metaspace       used 33866K, capacity 35382K, committed 35416K, reserved 1081344K
  class space    used 4253K, capacity 4585K, committed 4608K, reserved 1048576K
Event: 15.100 GC heap after
Heap after GC invocations=5 (full 1):
 PSYoungGen      total 123392K, used 4945K [0x000000076c580000, 0x0000000774a00000, 0x00000007c0000000)
  eden space 114176K, 0% used [0x000000076c580000,0x000000076c580000,0x0000000773500000)
  from space 9216K, 53% used [0x0000000774100000,0x00000007745d4728,0x0000000774a00000)
  to   space 10752K, 0% used [0x0000000773500000,0x0000000773500000,0x0000000773f80000)
 ParOldGen       total 83968K, used 7711K [0x00000006c5000000, 0x00000006ca200000, 0x000000076c580000)
  object space 83968K, 9% used [0x00000006c5000000,0x00000006c5787d40,0x00000006ca200000)
 Metaspace       used 33866K, capacity 35382K, committed 35416K, reserved 1081344K
  class space    used 4253K, capacity 4585K, committed 4608K, reserved 1048576K
}
Event: 15.100 GC heap before
{Heap before GC invocations=6 (full 2):
 PSYoungGen      total 123392K, used 4945K [0x000000076c580000, 0x0000000774a00000, 0x00000007c0000000)
  eden space 114176K, 0% used [0x000000076c580000,0x000000076c580000,0x0000000773500000)
  from space 9216K, 53% used [0x0000000774100000,0x00000007745d4728,0x0000000774a00000)
  to   space 10752K, 0% used [0x0000000773500000,0x0000000773500000,0x0000000773f80000)
 ParOldGen       total 83968K, used 7711K [0x00000006c5000000, 0x00000006ca200000, 0x000000076c580000)
  object space 83968K, 9% used [0x00000006c5000000,0x00000006c5787d40,0x00000006ca200000)
 Metaspace       used 33866K, capacity 35382K, committed 35416K, reserved 1081344K
  class space    used 4253K, capacity 4585K, committed 4608K, reserved 1048576K
Event: 15.170 GC heap after
Heap after GC invocations=6 (full 2):
 PSYoungGen      total 123392K, used 0K [0x000000076c580000, 0x0000000774a00000, 0x00000007c0000000)
  eden space 114176K, 0% used [0x000000076c580000,0x000000076c580000,0x0000000773500000)
  from space 9216K, 0% used [0x0000000774100000,0x0000000774100000,0x0000000774a00000)
  to   space 10752K, 0% used [0x0000000773500000,0x0000000773500000,0x0000000773f80000)
 ParOldGen       total 106496K, used 9145K [0x00000006c5000000, 0x00000006cb800000, 0x000000076c580000)
  object space 106496K, 8% used [0x00000006c5000000,0x00000006c58ee7f0,0x00000006cb800000)
 Metaspace       used 33866K, capacity 35382K, committed 35416K, reserved 1081344K
  class space    used 4253K, capacity 4585K, committed 4608K, reserved 1048576K
}

