# JRE version: Java(TM) SE Runtime Environment (8.0_411) (build 1.8.0_411-b09)
# Java VM: Java HotSpot(TM) 64-Bit Server VM (25.411-b09 mixed mode windows-amd64 compressed oops)
Heap:
 PSYoungGen      total 235008K, used 111008K [0x000000076c580000, 0x000000077e300000, 0x00000007c0000000)
  eden space 209408K, 53% used [0x000000076c580000,0x00000007731e8250,0x0000000779200000)
  from space 25600K, 0% used [0x000000077af80000,0x000000077af80000,0x000000077c880000)
  to   space 30208K, 0% used [0x0000000779200000,0x0000000779200000,0x000000077af80000)
 ParOldGen       total 256512K, used 38158K [0x00000006c5000000, 0x00000006d4a80000, 0x000000076c580000)
  object space 256512K, 14% used [0x00000006c5000000,0x00000006c7543b30,0x00000006d4a80000)
 Metaspace       used 97321K, capacity 104391K, committed 104576K, reserved 1138688K
  class space    used 13923K, capacity 15136K, committed 15232K, reserved 1048576K
GC Heap History (10 events):
Event: 32.848 GC heap before
{Heap before GC invocations=8 (full 2):
 PSYoungGen      total 120320K, used 77106K [0x000000076c580000, 0x0000000778a00000, 0x00000007c0000000)
  eden space 109568K, 60% used [0x000000076c580000,0x000000077064e378,0x0000000773080000)
  from space 10752K, 99% used [0x0000000773080000,0x0000000773afe748,0x0000000773b00000)
  to   space 19968K, 0% used [0x0000000777680000,0x0000000777680000,0x0000000778a00000)
 ParOldGen       total 132608K, used 12472K [0x00000006c5000000, 0x00000006cd180000, 0x000000076c580000)
  object space 132608K, 9% used [0x00000006c5000000,0x00000006c5c2e010,0x00000006cd180000)
 Metaspace       used 55614K, capacity 58816K, committed 59028K, reserved 1099776K
  class space    used 7241K, capacity 7909K, committed 7936K, reserved 1048576K
Event: 32.917 GC heap after
Heap after GC invocations=8 (full 2):
 PSYoungGen      total 172032K, used 13525K [0x000000076c580000, 0x0000000778580000, 0x00000007c0000000)
  eden space 156672K, 0% used [0x000000076c580000,0x000000076c580000,0x0000000775e80000)
  from space 15360K, 88% used [0x0000000777680000,0x00000007783b5410,0x0000000778580000)
  to   space 19968K, 0% used [0x0000000775e80000,0x0000000775e80000,0x0000000777200000)
 ParOldGen       total 132608K, used 12480K [0x00000006c5000000, 0x00000006cd180000, 0x000000076c580000)
  object space 132608K, 9% used [0x00000006c5000000,0x00000006c5c30010,0x00000006cd180000)
 Metaspace       used 55614K, capacity 58816K, committed 59028K, reserved 1099776K
  class space    used 7241K, capacity 7909K, committed 7936K, reserved 1048576K
}
Event: 32.917 GC heap before
{Heap before GC invocations=9 (full 3):
 PSYoungGen      total 172032K, used 13525K [0x000000076c580000, 0x0000000778580000, 0x00000007c0000000)
  eden space 156672K, 0% used [0x000000076c580000,0x000000076c580000,0x0000000775e80000)
  from space 15360K, 88% used [0x0000000777680000,0x00000007783b5410,0x0000000778580000)
  to   space 19968K, 0% used [0x0000000775e80000,0x0000000775e80000,0x0000000777200000)
 ParOldGen       total 132608K, used 12480K [0x00000006c5000000, 0x00000006cd180000, 0x000000076c580000)
  object space 132608K, 9% used [0x00000006c5000000,0x00000006c5c30010,0x00000006cd180000)
 Metaspace       used 55614K, capacity 58816K, committed 59028K, reserved 1099776K
  class space    used 7241K, capacity 7909K, committed 7936K, reserved 1048576K
Event: 33.422 GC heap after
Heap after GC invocations=9 (full 3):
 PSYoungGen      total 172032K, used 0K [0x000000076c580000, 0x0000000778580000, 0x00000007c0000000)
  eden space 156672K, 0% used [0x000000076c580000,0x000000076c580000,0x0000000775e80000)
  from space 15360K, 0% used [0x0000000777680000,0x0000000777680000,0x0000000778580000)
  to   space 19968K, 0% used [0x0000000775e80000,0x0000000775e80000,0x0000000777200000)
 ParOldGen       total 186368K, used 19729K [0x00000006c5000000, 0x00000006d0600000, 0x000000076c580000)
  object space 186368K, 10% used [0x00000006c5000000,0x00000006c6344570,0x00000006d0600000)
 Metaspace       used 55563K, capacity 58728K, committed 59028K, reserved 1099776K
  class space    used 7234K, capacity 7886K, committed 7936K, reserved 1048576K
}
Event: 48.323 GC heap before
{Heap before GC invocations=10 (full 3):
 PSYoungGen      total 172032K, used 156672K [0x000000076c580000, 0x0000000778580000, 0x00000007c0000000)
  eden space 156672K, 100% used [0x000000076c580000,0x0000000775e80000,0x0000000775e80000)
  from space 15360K, 0% used [0x0000000777680000,0x0000000777680000,0x0000000778580000)
  to   space 19968K, 0% used [0x0000000775e80000,0x0000000775e80000,0x0000000777200000)
 ParOldGen       total 186368K, used 19729K [0x00000006c5000000, 0x00000006d0600000, 0x000000076c580000)
  object space 186368K, 10% used [0x00000006c5000000,0x00000006c6344570,0x00000006d0600000)
 Metaspace       used 77560K, capacity 82830K, committed 82944K, reserved 1120256K
  class space    used 10777K, capacity 11750K, committed 11776K, reserved 1048576K
Event: 48.387 GC heap after
Heap after GC invocations=10 (full 3):
 PSYoungGen      total 176640K, used 19942K [0x000000076c580000, 0x000000077c880000, 0x00000007c0000000)
  eden space 156672K, 0% used [0x000000076c580000,0x000000076c580000,0x0000000775e80000)
  from space 19968K, 99% used [0x0000000775e80000,0x00000007771f9998,0x0000000777200000)
  to   space 25600K, 0% used [0x000000077af80000,0x000000077af80000,0x000000077c880000)
 ParOldGen       total 186368K, used 23537K [0x00000006c5000000, 0x00000006d0600000, 0x000000076c580000)
  object space 186368K, 12% used [0x00000006c5000000,0x00000006c66fc770,0x00000006d0600000)
 Metaspace       used 77560K, capacity 82830K, committed 82944K, reserved 1120256K
  class space    used 10777K, capacity 11750K, committed 11776K, reserved 1048576K
}
Event: 62.844 GC heap before
{Heap before GC invocations=11 (full 3):
 PSYoungGen      total 176640K, used 144402K [0x000000076c580000, 0x000000077c880000, 0x00000007c0000000)
  eden space 156672K, 79% used [0x000000076c580000,0x0000000773f0b1c0,0x0000000775e80000)
  from space 19968K, 99% used [0x0000000775e80000,0x00000007771f9998,0x0000000777200000)
  to   space 25600K, 0% used [0x000000077af80000,0x000000077af80000,0x000000077c880000)
 ParOldGen       total 186368K, used 23537K [0x00000006c5000000, 0x00000006d0600000, 0x000000076c580000)
  object space 186368K, 12% used [0x00000006c5000000,0x00000006c66fc770,0x00000006d0600000)
 Metaspace       used 91935K, capacity 98275K, committed 98380K, reserved 1134592K
  class space    used 12907K, capacity 14010K, committed 14080K, reserved 1048576K
Event: 63.487 GC heap after
Heap after GC invocations=11 (full 3):
 PSYoungGen      total 235008K, used 25572K [0x000000076c580000, 0x000000077e300000, 0x00000007c0000000)
  eden space 209408K, 0% used [0x000000076c580000,0x000000076c580000,0x0000000779200000)
  from space 25600K, 99% used [0x000000077af80000,0x000000077c879008,0x000000077c880000)
  to   space 30208K, 0% used [0x0000000779200000,0x0000000779200000,0x000000077af80000)
 ParOldGen       total 186368K, used 24559K [0x00000006c5000000, 0x00000006d0600000, 0x000000076c580000)
  object space 186368K, 13% used [0x00000006c5000000,0x00000006c67fbfd0,0x00000006d0600000)
 Metaspace       used 91935K, capacity 98275K, committed 98380K, reserved 1134592K
  class space    used 12907K, capacity 14010K, committed 14080K, reserved 1048576K
}
Event: 63.487 GC heap before
{Heap before GC invocations=12 (full 4):
 PSYoungGen      total 235008K, used 25572K [0x000000076c580000, 0x000000077e300000, 0x00000007c0000000)
  eden space 209408K, 0% used [0x000000076c580000,0x000000076c580000,0x0000000779200000)
  from space 25600K, 99% used [0x000000077af80000,0x000000077c879008,0x000000077c880000)
  to   space 30208K, 0% used [0x0000000779200000,0x0000000779200000,0x000000077af80000)
 ParOldGen       total 186368K, used 24559K [0x00000006c5000000, 0x00000006d0600000, 0x000000076c580000)
  object space 186368K, 13% used [0x00000006c5000000,0x00000006c67fbfd0,0x00000006d0600000)
 Metaspace       used 91935K, capacity 98275K, committed 98380K, reserved 1134592K
  class space    used 12907K, capacity 14010K, committed 14080K, reserved 1048576K
Event: 64.254 GC heap after
Heap after GC invocations=12 (full 4):
 PSYoungGen      total 235008K, used 0K [0x000000076c580000, 0x000000077e300000, 0x00000007c0000000)
  eden space 209408K, 0% used [0x000000076c580000,0x000000076c580000,0x0000000779200000)
  from space 25600K, 0% used [0x000000077af80000,0x000000077af80000,0x000000077c880000)
  to   space 30208K, 0% used [0x0000000779200000,0x0000000779200000,0x000000077af80000)
 ParOldGen       total 256512K, used 38158K [0x00000006c5000000, 0x00000006d4a80000, 0x000000076c580000)
  object space 256512K, 14% used [0x00000006c5000000,0x00000006c7543b30,0x00000006d4a80000)
 Metaspace       used 91877K, capacity 98149K, committed 98380K, reserved 1134592K
  class space    used 12892K, capacity 13981K, committed 14080K, reserved 1048576K
}

