# JRE version: Java(TM) SE Runtime Environment (8.0_411) (build 1.8.0_411-b09)
# Java VM: Java HotSpot(TM) 64-Bit Server VM (25.411-b09 mixed mode windows-amd64 compressed oops)
Heap:
 PSYoungGen      total 354304K, used 156025K [0x000000076c580000, 0x0000000785f80000, 0x00000007c0000000)
  eden space 307200K, 39% used [0x000000076c580000,0x0000000773b8acf8,0x000000077f180000)
  from space 47104K, 74% used [0x0000000783180000,0x00000007853d3a58,0x0000000785f80000)
  to   space 56320K, 0% used [0x000000077f180000,0x000000077f180000,0x0000000782880000)
 ParOldGen       total 240640K, used 38614K [0x00000006c5000000, 0x00000006d3b00000, 0x000000076c580000)
  object space 240640K, 16% used [0x00000006c5000000,0x00000006c75b5ba8,0x00000006d3b00000)
 Metaspace       used 99663K, capacity 106661K, committed 106828K, reserved 1140736K
  class space    used 14125K, capacity 15397K, committed 15488K, reserved 1048576K
GC Heap History (10 events):
Event: 322.423 GC heap before
{Heap before GC invocations=18 (full 4):
 PSYoungGen      total 362496K, used 357852K [0x000000076c580000, 0x0000000787900000, 0x00000007c0000000)
  eden space 320512K, 100% used [0x000000076c580000,0x000000077fe80000,0x000000077fe80000)
  from space 41984K, 88% used [0x000000077fe80000,0x00000007822f7128,0x0000000782780000)
  to   space 46592K, 0% used [0x0000000784b80000,0x0000000784b80000,0x0000000787900000)
 ParOldGen       total 240640K, used 38582K [0x00000006c5000000, 0x00000006d3b00000, 0x000000076c580000)
  object space 240640K, 16% used [0x00000006c5000000,0x00000006c75adba8,0x00000006d3b00000)
 Metaspace       used 98890K, capacity 105947K, committed 106060K, reserved 1140736K
  class space    used 14115K, capacity 15386K, committed 15488K, reserved 1048576K
Event: 322.541 GC heap after
Heap after GC invocations=18 (full 4):
 PSYoungGen      total 347648K, used 36482K [0x000000076c580000, 0x0000000786f80000, 0x00000007c0000000)
  eden space 310784K, 0% used [0x000000076c580000,0x000000076c580000,0x000000077f500000)
  from space 36864K, 98% used [0x0000000784b80000,0x0000000786f20988,0x0000000786f80000)
  to   space 49664K, 0% used [0x0000000780e80000,0x0000000780e80000,0x0000000783f00000)
 ParOldGen       total 240640K, used 38590K [0x00000006c5000000, 0x00000006d3b00000, 0x000000076c580000)
  object space 240640K, 16% used [0x00000006c5000000,0x00000006c75afba8,0x00000006d3b00000)
 Metaspace       used 98890K, capacity 105947K, committed 106060K, reserved 1140736K
  class space    used 14115K, capacity 15386K, committed 15488K, reserved 1048576K
}
Event: 390.884 GC heap before
{Heap before GC invocations=19 (full 4):
 PSYoungGen      total 347648K, used 347266K [0x000000076c580000, 0x0000000786f80000, 0x00000007c0000000)
  eden space 310784K, 100% used [0x000000076c580000,0x000000077f500000,0x000000077f500000)
  from space 36864K, 98% used [0x0000000784b80000,0x0000000786f20988,0x0000000786f80000)
  to   space 49664K, 0% used [0x0000000780e80000,0x0000000780e80000,0x0000000783f00000)
 ParOldGen       total 240640K, used 38590K [0x00000006c5000000, 0x00000006d3b00000, 0x000000076c580000)
  object space 240640K, 16% used [0x00000006c5000000,0x00000006c75afba8,0x00000006d3b00000)
 Metaspace       used 98912K, capacity 105947K, committed 106060K, reserved 1140736K
  class space    used 14117K, capacity 15386K, committed 15488K, reserved 1048576K
Event: 391.686 GC heap after
Heap after GC invocations=19 (full 4):
 PSYoungGen      total 386560K, used 36988K [0x000000076c580000, 0x0000000788100000, 0x00000007c0000000)
  eden space 336896K, 0% used [0x000000076c580000,0x000000076c580000,0x0000000780e80000)
  from space 49664K, 74% used [0x0000000780e80000,0x000000078329f128,0x0000000783f00000)
  to   space 52224K, 0% used [0x0000000784e00000,0x0000000784e00000,0x0000000788100000)
 ParOldGen       total 240640K, used 38590K [0x00000006c5000000, 0x00000006d3b00000, 0x000000076c580000)
  object space 240640K, 16% used [0x00000006c5000000,0x00000006c75afba8,0x00000006d3b00000)
 Metaspace       used 98912K, capacity 105947K, committed 106060K, reserved 1140736K
  class space    used 14117K, capacity 15386K, committed 15488K, reserved 1048576K
}
Event: 454.255 GC heap before
{Heap before GC invocations=20 (full 4):
 PSYoungGen      total 386560K, used 373884K [0x000000076c580000, 0x0000000788100000, 0x00000007c0000000)
  eden space 336896K, 100% used [0x000000076c580000,0x0000000780e80000,0x0000000780e80000)
  from space 49664K, 74% used [0x0000000780e80000,0x000000078329f128,0x0000000783f00000)
  to   space 52224K, 0% used [0x0000000784e00000,0x0000000784e00000,0x0000000788100000)
 ParOldGen       total 240640K, used 38590K [0x00000006c5000000, 0x00000006d3b00000, 0x000000076c580000)
  object space 240640K, 16% used [0x00000006c5000000,0x00000006c75afba8,0x00000006d3b00000)
 Metaspace       used 99583K, capacity 106539K, committed 106828K, reserved 1140736K
  class space    used 14117K, capacity 15386K, committed 15488K, reserved 1048576K
Event: 454.345 GC heap after
Heap after GC invocations=20 (full 4):
 PSYoungGen      total 365568K, used 38406K [0x000000076c580000, 0x0000000787400000, 0x00000007c0000000)
  eden space 326656K, 0% used [0x000000076c580000,0x000000076c580000,0x0000000780480000)
  from space 38912K, 98% used [0x0000000784e00000,0x0000000787381b98,0x0000000787400000)
  to   space 54784K, 0% used [0x0000000780900000,0x0000000780900000,0x0000000783e80000)
 ParOldGen       total 240640K, used 38598K [0x00000006c5000000, 0x00000006d3b00000, 0x000000076c580000)
  object space 240640K, 16% used [0x00000006c5000000,0x00000006c75b1ba8,0x00000006d3b00000)
 Metaspace       used 99583K, capacity 106539K, committed 106828K, reserved 1140736K
  class space    used 14117K, capacity 15386K, committed 15488K, reserved 1048576K
}
Event: 531.629 GC heap before
{Heap before GC invocations=21 (full 4):
 PSYoungGen      total 365568K, used 365062K [0x000000076c580000, 0x0000000787400000, 0x00000007c0000000)
  eden space 326656K, 100% used [0x000000076c580000,0x0000000780480000,0x0000000780480000)
  from space 38912K, 98% used [0x0000000784e00000,0x0000000787381b98,0x0000000787400000)
  to   space 54784K, 0% used [0x0000000780900000,0x0000000780900000,0x0000000783e80000)
 ParOldGen       total 240640K, used 38598K [0x00000006c5000000, 0x00000006d3b00000, 0x000000076c580000)
  object space 240640K, 16% used [0x00000006c5000000,0x00000006c75b1ba8,0x00000006d3b00000)
 Metaspace       used 99610K, capacity 106607K, committed 106828K, reserved 1140736K
  class space    used 14118K, capacity 15386K, committed 15488K, reserved 1048576K
Event: 532.059 GC heap after
Heap after GC invocations=21 (full 4):
 PSYoungGen      total 353792K, used 36467K [0x000000076c580000, 0x0000000786800000, 0x00000007c0000000)
  eden space 316928K, 0% used [0x000000076c580000,0x000000076c580000,0x000000077fb00000)
  from space 36864K, 98% used [0x0000000780900000,0x0000000782c9cc68,0x0000000782d00000)
  to   space 55808K, 0% used [0x0000000783180000,0x0000000783180000,0x0000000786800000)
 ParOldGen       total 240640K, used 38606K [0x00000006c5000000, 0x00000006d3b00000, 0x000000076c580000)
  object space 240640K, 16% used [0x00000006c5000000,0x00000006c75b3ba8,0x00000006d3b00000)
 Metaspace       used 99610K, capacity 106607K, committed 106828K, reserved 1140736K
  class space    used 14118K, capacity 15386K, committed 15488K, reserved 1048576K
}
Event: 587.064 GC heap before
{Heap before GC invocations=22 (full 4):
 PSYoungGen      total 353792K, used 353395K [0x000000076c580000, 0x0000000786800000, 0x00000007c0000000)
  eden space 316928K, 100% used [0x000000076c580000,0x000000077fb00000,0x000000077fb00000)
  from space 36864K, 98% used [0x0000000780900000,0x0000000782c9cc68,0x0000000782d00000)
  to   space 55808K, 0% used [0x0000000783180000,0x0000000783180000,0x0000000786800000)
 ParOldGen       total 240640K, used 38606K [0x00000006c5000000, 0x00000006d3b00000, 0x000000076c580000)
  object space 240640K, 16% used [0x00000006c5000000,0x00000006c75b3ba8,0x00000006d3b00000)
 Metaspace       used 99613K, capacity 106607K, committed 106828K, reserved 1140736K
  class space    used 14118K, capacity 15386K, committed 15488K, reserved 1048576K
Event: 587.215 GC heap after
Heap after GC invocations=22 (full 4):
 PSYoungGen      total 354304K, used 35150K [0x000000076c580000, 0x0000000785f80000, 0x00000007c0000000)
  eden space 307200K, 0% used [0x000000076c580000,0x000000076c580000,0x000000077f180000)
  from space 47104K, 74% used [0x0000000783180000,0x00000007853d3a58,0x0000000785f80000)
  to   space 56320K, 0% used [0x000000077f180000,0x000000077f180000,0x0000000782880000)
 ParOldGen       total 240640K, used 38614K [0x00000006c5000000, 0x00000006d3b00000, 0x000000076c580000)
  object space 240640K, 16% used [0x00000006c5000000,0x00000006c75b5ba8,0x00000006d3b00000)
 Metaspace       used 99613K, capacity 106607K, committed 106828K, reserved 1140736K
  class space    used 14118K, capacity 15386K, committed 15488K, reserved 1048576K
}

